0 200
1000 200
2000 200
3000 200
4000 200
5000 200
6000 200
7000 200
8000 200
9000 200
10000 200
11000 200
12000 200
13000 200
14000 200
15000 200
16000 200
17000 200
18000 200
19000 200
20000 200
21000 200
22000 200
23000 200
24000 200
25000 200
26000 200
27000 200
28000 200
29000 200
30000 200
31000 200
32000 200
33000 200
34000 200
35000 200
36000 200
37000 200
38000 200
39000 200
40000 200
41000 200
42000 200
43000 200
44000 200
45000 200
46000 200
47000 200
48000 200
49000 200
50000 200
51000 200
52000 200
53000 200
54000 200
55000 200
56000 200
57000 200
58000 200
59000 200
60000 200
61000 200
62000 200
63000 200
64000 200
65000 200
66000 200
67000 200
68000 200
69000 200
70000 200
71000 200
72000 200
73000 200
74000 200
75000 200
76000 200
77000 200
78000 200
79000 200
80000 200
81000 200
82000 200
83000 200
84000 200
85000 200
86000 200
87000 200
88000 200
89000 200
90000 200
91000 200
92000 200
93000 200
94000 200
95000 200
96000 200
97000 200
98000 200
99000 200
100000 200
101000 200
102000 200
103000 200
104000 200
105000 200
106000 200
107000 200
108000 200
109000 200
110000 200
111000 200
112000 200
113000 200
114000 200
115000 200
116000 200
117000 200
118000 200
119000 200
120000 200
121000 200
122000 200
123000 200
124000 200
125000 200
126000 200
127000 200
128000 200
129000 200
130000 200
131000 200
132000 200
133000 200
134000 200
135000 200
136000 200
137000 200
138000 200
139000 200
140000 200
141000 200
142000 200
143000 200
144000 200
145000 200
146000 200
147000 200
148000 200
149000 200
150000 200
151000 200
152000 200
153000 200
154000 200
155000 200
156000 200
157000 200
158000 200
159000 200
160000 200
161000 200
162000 200
163000 200
164000 200
165000 200
166000 200
167000 200
168000 200
169000 200
170000 200
171000 200
172000 200
173000 200
174000 200
175000 200
176000 200
177000 200
178000 200
179000 200
180000 200
181000 200
182000 200
183000 200
184000 200
185000 200
186000 200
187000 200
188000 200
189000 200
190000 200
191000 200
192000 200
193000 200
194000 200
195000 200
196000 200
197000 200
198000 200
199000 200
200000 200
