0 5000
1000 5000
2000 5000
3000 5000
4000 5000
5000 5000
6000 5000
7000 5000
8000 5000
9000 5000
10000 5000
11000 5000
12000 5000
13000 5000
14000 5000
15000 5000
16000 5000
17000 5000
18000 5000
19000 5000
20000 5000
21000 5000
22000 5000
23000 5000
24000 5000
25000 5000
26000 5000
27000 5000
28000 5000
29000 5000
30000 5000
31000 5000
32000 5000
33000 5000
34000 5000
35000 5000
36000 5000
37000 5000
38000 5000
39000 5000
40000 5000
41000 5000
42000 5000
43000 5000
44000 5000
45000 5000
46000 5000
47000 5000
48000 5000
49000 5000
50000 5000
51000 5000
52000 5000
53000 5000
54000 5000
55000 5000
56000 5000
57000 5000
58000 5000
59000 5000
60000 5000
61000 5000
62000 5000
63000 5000
64000 5000
65000 5000
66000 5000
67000 5000
68000 5000
69000 5000
70000 5000
71000 5000
72000 5000
73000 5000
74000 5000
75000 5000
76000 5000
77000 5000
78000 5000
79000 5000
80000 5000
81000 5000
82000 5000
83000 5000
84000 5000
85000 5000
86000 5000
87000 5000
88000 5000
89000 5000
90000 5000
91000 5000
92000 5000
93000 5000
94000 5000
95000 5000
96000 5000
97000 5000
98000 5000
99000 5000
100000 5000
101000 5000
102000 5000
103000 5000
104000 5000
105000 5000
106000 5000
107000 5000
108000 5000
109000 5000
110000 5000
111000 5000
112000 5000
113000 5000
114000 5000
115000 5000
116000 5000
117000 5000
118000 5000
119000 5000
120000 5000
121000 5000
122000 5000
123000 5000
124000 5000
125000 5000
126000 5000
127000 5000
128000 5000
129000 5000
130000 5000
131000 5000
132000 5000
133000 5000
134000 5000
135000 5000
136000 5000
137000 5000
138000 5000
139000 5000
140000 5000
141000 5000
142000 5000
143000 5000
144000 5000
145000 5000
146000 5000
147000 5000
148000 5000
149000 5000
150000 5000
151000 5000
152000 5000
153000 5000
154000 5000
155000 5000
156000 5000
157000 5000
158000 5000
159000 5000
160000 5000
161000 5000
162000 5000
163000 5000
164000 5000
165000 5000
166000 5000
167000 5000
168000 5000
169000 5000
170000 5000
171000 5000
172000 5000
173000 5000
174000 5000
175000 5000
176000 5000
177000 5000
178000 5000
179000 5000
180000 5000
181000 5000
182000 5000
183000 5000
184000 5000
185000 5000
186000 5000
187000 5000
188000 5000
189000 5000
190000 5000
191000 5000
192000 5000
193000 5000
194000 5000
195000 5000
196000 5000
197000 5000
198000 5000
199000 5000
200000 5000
201000 5000
202000 5000
203000 5000
204000 5000
205000 5000
206000 5000
207000 5000
208000 5000
209000 5000
210000 5000
211000 5000
212000 5000
213000 5000
214000 5000
215000 5000
216000 5000
217000 5000
218000 5000
219000 5000
220000 5000
221000 5000
222000 5000
223000 5000
224000 5000
225000 5000
226000 5000
227000 5000
228000 5000
229000 5000
230000 5000
231000 5000
232000 5000
233000 5000
234000 5000
235000 5000
236000 5000
237000 5000
238000 5000
239000 5000
240000 5000
241000 5000
242000 5000
243000 5000
244000 5000
245000 5000
246000 5000
247000 5000
248000 5000
249000 5000
250000 5000
251000 5000
252000 5000
253000 5000
254000 5000
255000 5000
256000 5000
257000 5000
258000 5000
259000 5000
260000 5000
261000 5000
262000 5000
263000 5000
264000 5000
265000 5000
266000 5000
267000 5000
268000 5000
269000 5000
270000 5000
271000 5000
272000 5000
273000 5000
274000 5000
275000 5000
276000 5000
277000 5000
278000 5000
279000 5000
280000 5000
281000 5000
282000 5000
283000 5000
284000 5000
285000 5000
286000 5000
287000 5000
288000 5000
289000 5000
290000 5000
291000 5000
292000 5000
293000 5000
294000 5000
295000 5000
296000 5000
297000 5000
298000 5000
299000 5000
300000 5000
301000 5000
302000 5000
303000 5000
304000 5000
305000 5000
306000 5000
307000 5000
308000 5000
309000 5000
310000 5000
311000 5000
312000 5000
313000 5000
314000 5000
315000 5000
316000 5000
317000 5000
318000 5000
319000 5000
320000 5000
321000 5000
322000 5000
323000 5000
324000 5000
325000 5000
326000 5000
327000 5000
328000 5000
329000 5000
330000 5000
331000 5000
332000 5000
333000 5000
334000 5000
335000 5000
336000 5000
337000 5000
338000 5000
339000 5000
340000 5000
341000 5000
342000 5000
343000 5000
344000 5000
345000 5000
346000 5000
347000 5000
348000 5000
349000 5000
350000 5000
351000 5000
352000 5000
353000 5000
354000 5000
355000 5000
356000 5000
357000 5000
358000 5000
359000 5000
360000 5000
361000 5000
362000 5000
363000 5000
364000 5000
365000 5000
366000 5000
367000 5000
368000 5000
369000 5000
370000 5000
371000 5000
372000 5000
373000 5000
374000 5000
375000 5000
376000 5000
377000 5000
378000 5000
379000 5000
380000 5000
381000 5000
382000 5000
383000 5000
384000 5000
385000 5000
386000 5000
387000 5000
388000 5000
389000 5000
390000 5000
391000 5000
392000 5000
393000 5000
394000 5000
395000 5000
396000 5000
397000 5000
398000 5000
399000 5000
400000 5000
401000 5000
402000 5000
403000 5000
404000 5000
405000 5000
406000 5000
407000 5000
408000 5000
409000 5000
410000 5000
411000 5000
412000 5000
413000 5000
414000 5000
415000 5000
416000 5000
417000 5000
418000 5000
419000 5000
420000 5000
421000 5000
422000 5000
423000 5000
424000 5000
425000 5000
426000 5000
427000 5000
428000 5000
429000 5000
430000 5000
431000 5000
432000 5000
433000 5000
434000 5000
435000 5000
436000 5000
437000 5000
438000 5000
439000 5000
440000 5000
441000 5000
442000 5000
443000 5000
444000 5000
445000 5000
446000 5000
447000 5000
448000 5000
449000 5000
450000 5000
451000 5000
452000 5000
453000 5000
454000 5000
455000 5000
456000 5000
457000 5000
458000 5000
459000 5000
460000 5000
461000 5000
462000 5000
463000 5000
464000 5000
465000 5000
466000 5000
467000 5000
468000 5000
469000 5000
470000 5000
471000 5000
472000 5000
473000 5000
474000 5000
475000 5000
476000 5000
477000 5000
478000 5000
479000 5000
480000 5000
481000 5000
482000 5000
483000 5000
484000 5000
485000 5000
486000 5000
487000 5000
488000 5000
489000 5000
490000 5000
491000 5000
492000 5000
493000 5000
494000 5000
495000 5000
496000 5000
497000 5000
498000 5000
499000 5000
500000 5000
501000 5000
502000 5000
503000 5000
504000 5000
505000 5000
506000 5000
507000 5000
508000 5000
509000 5000
510000 5000
511000 5000
512000 5000
513000 5000
514000 5000
515000 5000
516000 5000
517000 5000
518000 5000
519000 5000
520000 5000
521000 5000
522000 5000
523000 5000
524000 5000
525000 5000
526000 5000
527000 5000
528000 5000
529000 5000
530000 5000
531000 5000
532000 5000
533000 5000
534000 5000
535000 5000
536000 5000
537000 5000
538000 5000
539000 5000
540000 5000
541000 5000
542000 5000
543000 5000
544000 5000
545000 5000
546000 5000
547000 5000
548000 5000
549000 5000
550000 5000
551000 5000
552000 5000
553000 5000
554000 5000
555000 5000
556000 5000
557000 5000
558000 5000
559000 5000
560000 5000
561000 5000
562000 5000
563000 5000
564000 5000
565000 5000
566000 5000
567000 5000
568000 5000
569000 5000
570000 5000
571000 5000
572000 5000
573000 5000
574000 5000
575000 5000
576000 5000
577000 5000
578000 5000
579000 5000
580000 5000
581000 5000
582000 5000
583000 5000
584000 5000
585000 5000
586000 5000
587000 5000
588000 5000
589000 5000
590000 5000
591000 5000
592000 5000
593000 5000
594000 5000
595000 5000
596000 5000
597000 5000
598000 5000
599000 5000
600000 5000
601000 5000
602000 5000
603000 5000
604000 5000
605000 5000
606000 5000
607000 5000
608000 5000
609000 5000
610000 5000
611000 5000
612000 5000
613000 5000
614000 5000
615000 5000
616000 5000
617000 5000
618000 5000
619000 5000
620000 5000
621000 5000
622000 5000
623000 5000
624000 5000
625000 5000
626000 5000
627000 5000
628000 5000
629000 5000
630000 5000
631000 5000
632000 5000
633000 5000
634000 5000
635000 5000
636000 5000
637000 5000
638000 5000
639000 5000
640000 5000
641000 5000
642000 5000
643000 5000
644000 5000
645000 5000
646000 5000
647000 5000
648000 5000
649000 5000
650000 5000
651000 5000
652000 5000
653000 5000
654000 5000
655000 5000
656000 5000
657000 5000
658000 5000
659000 5000
660000 5000
661000 5000
662000 5000
663000 5000
664000 5000
665000 5000
666000 5000
667000 5000
668000 5000
669000 5000
670000 5000
671000 5000
672000 5000
673000 5000
674000 5000
675000 5000
676000 5000
677000 5000
678000 5000
679000 5000
680000 5000
681000 5000
682000 5000
683000 5000
684000 5000
685000 5000
686000 5000
687000 5000
688000 5000
689000 5000
690000 5000
691000 5000
692000 5000
693000 5000
694000 5000
695000 5000
696000 5000
697000 5000
698000 5000
699000 5000
700000 5000
701000 5000
702000 5000
703000 5000
704000 5000
705000 5000
706000 5000
707000 5000
708000 5000
709000 5000
710000 5000
711000 5000
712000 5000
713000 5000
714000 5000
715000 5000
716000 5000
717000 5000
718000 5000
719000 5000
720000 5000
721000 5000
722000 5000
723000 5000
724000 5000
725000 5000
726000 5000
727000 5000
728000 5000
729000 5000
730000 5000
731000 5000
732000 5000
733000 5000
734000 5000
735000 5000
736000 5000
737000 5000
738000 5000
739000 5000
740000 5000
741000 5000
742000 5000
743000 5000
744000 5000
745000 5000
746000 5000
747000 5000
748000 5000
749000 5000
750000 5000
751000 5000
752000 5000
753000 5000
754000 5000
755000 5000
756000 5000
757000 5000
758000 5000
759000 5000
760000 5000
761000 5000
762000 5000
763000 5000
764000 5000
765000 5000
766000 5000
767000 5000
768000 5000
769000 5000
770000 5000
771000 5000
772000 5000
773000 5000
774000 5000
775000 5000
776000 5000
777000 5000
778000 5000
779000 5000
780000 5000
781000 5000
782000 5000
783000 5000
784000 5000
785000 5000
786000 5000
787000 5000
788000 5000
789000 5000
790000 5000
791000 5000
792000 5000
793000 5000
794000 5000
795000 5000
796000 5000
797000 5000
798000 5000
799000 5000
800000 5000
801000 5000
802000 5000
803000 5000
804000 5000
805000 5000
806000 5000
807000 5000
808000 5000
809000 5000
810000 5000
811000 5000
812000 5000
813000 5000
814000 5000
815000 5000
816000 5000
817000 5000
818000 5000
819000 5000
820000 5000
821000 5000
822000 5000
823000 5000
824000 5000
825000 5000
826000 5000
827000 5000
828000 5000
829000 5000
830000 5000
831000 5000
832000 5000
833000 5000
834000 5000
835000 5000
836000 5000
837000 5000
838000 5000
839000 5000
840000 5000
841000 5000
842000 5000
843000 5000
844000 5000
845000 5000
846000 5000
847000 5000
848000 5000
849000 5000
850000 5000
851000 5000
852000 5000
853000 5000
854000 5000
855000 5000
856000 5000
857000 5000
858000 5000
859000 5000
860000 5000
861000 5000
862000 5000
863000 5000
864000 5000
865000 5000
866000 5000
867000 5000
868000 5000
869000 5000
870000 5000
871000 5000
872000 5000
873000 5000
874000 5000
875000 5000
876000 5000
877000 5000
878000 5000
879000 5000
880000 5000
881000 5000
882000 5000
883000 5000
884000 5000
885000 5000
886000 5000
887000 5000
888000 5000
889000 5000
890000 5000
891000 5000
892000 5000
893000 5000
894000 5000
895000 5000
896000 5000
897000 5000
898000 5000
899000 5000
900000 5000
901000 5000
902000 5000
903000 5000
904000 5000
905000 5000
906000 5000
907000 5000
908000 5000
909000 5000
910000 5000
911000 5000
912000 5000
913000 5000
914000 5000
915000 5000
916000 5000
917000 5000
918000 5000
919000 5000
920000 5000
921000 5000
922000 5000
923000 5000
924000 5000
925000 5000
926000 5000
927000 5000
928000 5000
929000 5000
930000 5000
931000 5000
932000 5000
933000 5000
934000 5000
935000 5000
936000 5000
937000 5000
938000 5000
939000 5000
940000 5000
941000 5000
942000 5000
943000 5000
944000 5000
945000 5000
946000 5000
947000 5000
948000 5000
949000 5000
950000 5000
951000 5000
952000 5000
953000 5000
954000 5000
955000 5000
956000 5000
957000 5000
958000 5000
959000 5000
960000 5000
961000 5000
962000 5000
963000 5000
964000 5000
965000 5000
966000 5000
967000 5000
968000 5000
969000 5000
970000 5000
971000 5000
972000 5000
973000 5000
974000 5000
975000 5000
976000 5000
977000 5000
978000 5000
979000 5000
980000 5000
981000 5000
982000 5000
983000 5000
984000 5000
985000 5000
986000 5000
987000 5000
988000 5000
989000 5000
990000 5000
991000 5000
992000 5000
993000 5000
994000 5000
995000 5000
996000 5000
997000 5000
998000 5000
999000 5000
1000000 5000
1001000 5000
1002000 5000
1003000 5000
1004000 5000
1005000 5000
1006000 5000
1007000 5000
1008000 5000
1009000 5000
1010000 5000
1011000 5000
1012000 5000
1013000 5000
1014000 5000
1015000 5000
1016000 5000
1017000 5000
1018000 5000
1019000 5000
1020000 5000
1021000 5000
1022000 5000
1023000 5000
1024000 5000
1025000 5000
1026000 5000
1027000 5000
1028000 5000
1029000 5000
1030000 5000
1031000 5000
1032000 5000
1033000 5000
1034000 5000
1035000 5000
1036000 5000
1037000 5000
1038000 5000
1039000 5000
1040000 5000
1041000 5000
1042000 5000
1043000 5000
1044000 5000
1045000 5000
1046000 5000
1047000 5000
1048000 5000
1049000 5000
1050000 5000
1051000 5000
1052000 5000
1053000 5000
1054000 5000
1055000 5000
1056000 5000
1057000 5000
1058000 5000
1059000 5000
1060000 5000
1061000 5000
1062000 5000
1063000 5000
1064000 5000
1065000 5000
1066000 5000
1067000 5000
1068000 5000
1069000 5000
1070000 5000
1071000 5000
1072000 5000
1073000 5000
1074000 5000
1075000 5000
1076000 5000
1077000 5000
1078000 5000
1079000 5000
1080000 5000
1081000 5000
1082000 5000
1083000 5000
1084000 5000
1085000 5000
1086000 5000
1087000 5000
1088000 5000
1089000 5000
1090000 5000
1091000 5000
1092000 5000
1093000 5000
1094000 5000
1095000 5000
1096000 5000
1097000 5000
1098000 5000
1099000 5000
1100000 5000
1101000 5000
1102000 5000
1103000 5000
1104000 5000
1105000 5000
1106000 5000
1107000 5000
1108000 5000
1109000 5000
1110000 5000
1111000 5000
1112000 5000
1113000 5000
1114000 5000
1115000 5000
1116000 5000
1117000 5000
1118000 5000
1119000 5000
1120000 5000
1121000 5000
1122000 5000
1123000 5000
1124000 5000
1125000 5000
1126000 5000
1127000 5000
1128000 5000
1129000 5000
1130000 5000
1131000 5000
1132000 5000
1133000 5000
1134000 5000
1135000 5000
1136000 5000
1137000 5000
1138000 5000
1139000 5000
1140000 5000
1141000 5000
1142000 5000
1143000 5000
1144000 5000
1145000 5000
1146000 5000
1147000 5000
1148000 5000
1149000 5000
1150000 5000
1151000 5000
1152000 5000
1153000 5000
1154000 5000
1155000 5000
1156000 5000
1157000 5000
1158000 5000
1159000 5000
1160000 5000
1161000 5000
1162000 5000
1163000 5000
1164000 5000
1165000 5000
1166000 5000
1167000 5000
1168000 5000
1169000 5000
1170000 5000
1171000 5000
1172000 5000
1173000 5000
1174000 5000
1175000 5000
1176000 5000
1177000 5000
1178000 5000
1179000 5000
1180000 5000
1181000 5000
1182000 5000
1183000 5000
1184000 5000
1185000 5000
1186000 5000
1187000 5000
1188000 5000
1189000 5000
1190000 5000
1191000 5000
1192000 5000
1193000 5000
1194000 5000
1195000 5000
1196000 5000
1197000 5000
1198000 5000
1199000 5000
1200000 5000
