0 1000.0
1000 1000.0
2000 1000.0
3000 600.0
4000 600.0
5000 600.0
6000 600.0
7000 600.0
8000 600.0
9000 200.0
10000 200.0
11000 200.0
12000 200.0
13000 200.0
14000 200.0
15000 200.0
16000 200.0
17000 200.0
18000 200.0
19000 200.0
20000 200.0
21000 200.0
22000 200.0
23000 200.0
24000 200.0
25000 300.0
26000 300.0
27000 300.0
28000 300.0
29000 300.0
30000 300.0
31000 300.0
32000 300.0
33000 300.0
34000 300.0
35000 300.0
36000 300.0
37000 300.0
38000 300.0
39000 300.0
40000 300.0
41000 300.0
42000 300.0
43000 300.0
44000 300.0
45000 300.0
46000 300.0
47000 300.0
48000 300.0
49000 300.0
50000 300.0
51000 300.0
52000 300.0
53000 300.0
54000 300.0
55000 300.0
56000 300.0
57000 300.0
58000 300.0
59000 300.0
60000 300.0
61000 300.0
62000 300.0
63000 300.0
64000 300.0
65000 300.0
66000 300.0
67000 300.0
68000 300.0
69000 300.0
70000 300.0
71000 300.0
72000 300.0
73000 300.0
74000 300.0
75000 300.0
76000 300.0
77000 300.0
78000 300.0
79000 300.0
80000 300.0
81000 300.0
82000 300.0
83000 300.0
84000 300.0
85000 300.0
86000 300.0
87000 300.0
88000 300.0
89000 300.0
90000 300.0
91000 300.0
92000 300.0
93000 300.0
94000 300.0
95000 300.0
96000 300.0
