0 1000
1000 1000
2000 1000
3000 1000
4000 1000
5000 1000
6000 1000
7000 1000
8000 1000
9000 1000
10000 1000
11000 1000
12000 1000
13000 1000
14000 1000
15000 1000
16000 1000
17000 1000
18000 1000
19000 1000
20000 1000
21000 1000
22000 1000
23000 1000
24000 1000
25000 1000
26000 1000
27000 1000
28000 1000
29000 1000
30000 1000
31000 1000
32000 1000
33000 1000
34000 1000
35000 1000
36000 1000
37000 1000
38000 1000
39000 1000
40000 1000
41000 1000
42000 1000
43000 1000
44000 1000
45000 1000
46000 1000
47000 1000
48000 1000
49000 1000
50000 1000
51000 1000
52000 1000
53000 1000
54000 1000
55000 1000
56000 1000
57000 1000
58000 1000
59000 1000
60000 1000
61000 1000
62000 1000
63000 1000
64000 1000
65000 1000
66000 1000
67000 1000
68000 1000
69000 1000
70000 1000
71000 1000
72000 1000
73000 1000
74000 1000
75000 1000
76000 1000
77000 1000
78000 1000
79000 1000
80000 1000
81000 1000
82000 1000
83000 1000
84000 1000
85000 1000
86000 1000
87000 1000
88000 1000
89000 1000
90000 1000
91000 1000
92000 1000
93000 1000
94000 1000
95000 1000
96000 1000
97000 1000
98000 1000
99000 1000
100000 1000
101000 1000
102000 1000
103000 1000
104000 1000
105000 1000
106000 1000
107000 1000
108000 1000
109000 1000
110000 1000
111000 1000
112000 1000
113000 1000
114000 1000
115000 1000
116000 1000
117000 1000
118000 1000
119000 1000
120000 1000
121000 1000
122000 1000
123000 1000
124000 1000
125000 1000
126000 1000
127000 1000
128000 1000
129000 1000
130000 1000
131000 1000
132000 1000
133000 1000
134000 1000
135000 1000
136000 1000
137000 1000
138000 1000
139000 1000
140000 1000
141000 1000
142000 1000
143000 1000
144000 1000
145000 1000
146000 1000
147000 1000
148000 1000
149000 1000
150000 1000
151000 1000
152000 1000
153000 1000
154000 1000
155000 1000
156000 1000
157000 1000
158000 1000
159000 1000
160000 1000
161000 1000
162000 1000
163000 1000
164000 1000
165000 1000
166000 1000
167000 1000
168000 1000
169000 1000
170000 1000
171000 1000
172000 1000
173000 1000
174000 1000
175000 1000
176000 1000
177000 1000
178000 1000
179000 1000
180000 1000
181000 1000
182000 1000
183000 1000
184000 1000
185000 1000
186000 1000
187000 1000
188000 1000
189000 1000
190000 1000
191000 1000
192000 1000
193000 1000
194000 1000
195000 1000
196000 1000
197000 1000
198000 1000
199000 1000
200000 1000
