0 1000
1000 1040
2000 1002
3000 1010
4000 980
5000 990
6000 986
7000 980
8000 4000
9000 4005
10000 3997
11000 3908
12000 2000
13000 1999
14000 2020
15000 500
16000 496
17000 487
18000 531
19000 2000
20000 2050
21000 2080
22000 1987
23000 1897
24000 2043
25000 2063
26000 2015
27000 2076
28000 2100
29000 2005
30000 1956
31000 1978
32000 1900
33000 1950
34000 2004
35000 2050
36000 4000
37000 4024
38000 4254
39000 4205
40000 4405
41000 3906
42000 3999
43000 3960
44000 4030
45000 3960
46000 3998
47000 2003
48000 1956
49000 2003
50000 2054
51000 500
52000 499
53000 430
54000 567
55000 456
56000 546
57000 543
58000 347
59000 654
60000 2004
61000 2000
62000 2000
63000 1945
64000 4009
65000 4365
66000 4456
67000 4090
68000 4063
69000 4054
70000 1500
71000 1435
72000 1567
73000 1433
74000 1467
75000 500
76000 435
77000 123
78000 434
79000 435
80000 254
81000 435
82000 2000
83000 1908
84000 2050
85000 2100
86000 8007
87000 8007
88000 7987
89000 2000
90000 2001
91000 1989
92000 1965
93000 2030
94000 2022
95000 2100
96000 2001
97000 1989
98000 1999
99000 1909
100000 1954
101000 2004
102000 2017
103000 1986
104000 1999
105000 2030
106000 2100
107000 500
108000 499
109000 467
110000 496
111000 440
112000 487
113000 520
114000 532
115000 540
116000 509
117000 8000
118000 7890
119000 8200
120000 8040
